/home/cs601-eguan3/.conda/envs/final_proj/lib/python3.10/site-packages/huggingface_hub/file_download.py:896: FutureWarning: `resume_download` is deprecated and will be removed in version 1.0.0. Downloads always resume when possible. If you want to force a new download, use `force_download=True`.
  warnings.warn(
You seem to be using the pipelines sequentially on GPU. In order to maximize efficiency please use a dataset
What is the full name of the author born in Kuwait City, Kuwait on 08/09/1956?
Original label: LABEL_1
Original score: 0.9999924898147583
Padded and Truncated label: False
Padded and Truncated score: tensor([1.0000], device='cuda:0', grad_fn=<IndexBackward0>)
Window 0 label: False
Window 0 score: 0.9999892711639404
--------------------------------
What gender is author Basil Mahfouz Al-Kuwaiti?
Original label: LABEL_1
Original score: 0.9999902248382568
Padded and Truncated label: False
Padded and Truncated score: tensor([1.0000], device='cuda:0', grad_fn=<IndexBackward0>)
Window 0 label: False
Window 0 score: 0.9999881982803345
--------------------------------
In which city and country was Basil Mahfouz Al-Kuwaiti born?
Original label: LABEL_1
Original score: 0.9999892711639404
Padded and Truncated label: False
Padded and Truncated score: tensor([0.9989], device='cuda:0', grad_fn=<IndexBackward0>)
Window 0 label: False
Window 0 score: 0.9988685846328735
--------------------------------
Can you tell me about the occupations of Basil Mahfouz Al-Kuwaiti's parents?
Original label: LABEL_1
Original score: 0.9999903440475464
Padded and Truncated label: False
Padded and Truncated score: tensor([0.9981], device='cuda:0', grad_fn=<IndexBackward0>)
Window 0 label: False
Window 0 score: 0.9980983138084412
--------------------------------
What genre is author Basil Mahfouz Al-Kuwaiti most known for in his writing?
Original label: LABEL_1
Original score: 0.9999902248382568
Padded and Truncated label: False
Padded and Truncated score: tensor([0.9999], device='cuda:0', grad_fn=<IndexBackward0>)
Window 0 label: False
Window 0 score: 0.9999130964279175
--------------------------------
Can you name two of the books written by Basil Mahfouz Al-Kuwaiti?
Original label: LABEL_1
Original score: 0.9999899864196777
Padded and Truncated label: False
Padded and Truncated score: tensor([1.0000], device='cuda:0', grad_fn=<IndexBackward0>)
Window 0 label: False
Window 0 score: 0.9999866485595703
--------------------------------
What special recognition or awards has Basil Mahfouz Al-Kuwaiti received for his writing?
Original label: LABEL_1
Original score: 0.9999902248382568
Padded and Truncated label: False
Padded and Truncated score: tensor([0.9991], device='cuda:0', grad_fn=<IndexBackward0>)
Window 0 label: False
Window 0 score: 0.9991336464881897
--------------------------------
How do Basil Mahfouz Al-Kuwaiti's books align with his French literature genre?
Original label: LABEL_1
Original score: 0.9999898672103882
Padded and Truncated label: False
Padded and Truncated score: tensor([0.9936], device='cuda:0', grad_fn=<IndexBackward0>)
Window 0 label: False
Window 0 score: 0.9935605525970459
--------------------------------
What influence did Basil Mahfouz Al-Kuwaiti's parents' vocations have on his life and writing?
Original label: LABEL_1
Original score: 0.9999904632568359
Padded and Truncated label: False
Padded and Truncated score: tensor([0.8794], device='cuda:0', grad_fn=<IndexBackward0>)
Window 0 label: False
Window 0 score: 0.8793995380401611
--------------------------------
How does Basil Mahfouz Al-Kuwaiti incorporate his native Kuwait into his French-focused writings?
Original label: LABEL_1
Original score: 0.9999908208847046
Padded and Truncated label: False
Padded and Truncated score: tensor([0.9723], device='cuda:0', grad_fn=<IndexBackward0>)
Window 0 label: False
Window 0 score: 0.9723085761070251
--------------------------------
In which period did Basil Mahfouz Al-Kuwaiti begin his writing career?
Original label: LABEL_1
Original score: 0.9999901056289673
Padded and Truncated label: False
Padded and Truncated score: tensor([0.9973], device='cuda:0', grad_fn=<IndexBackward0>)
Window 0 label: False
Window 0 score: 0.9973045587539673
--------------------------------
What are some notable characteristics of Basil Mahfouz Al-Kuwaiti's writing style?
Original label: LABEL_1
Original score: 0.9999901056289673
Padded and Truncated label: False
Padded and Truncated score: tensor([0.9962], device='cuda:0', grad_fn=<IndexBackward0>)
Window 0 label: False
Window 0 score: 0.996196985244751
--------------------------------
What elements in "Promise by the Seine," one of Basil Mahfouz Al-Kuwaiti's books, typify his writing style?
Original label: LABEL_1
Original score: 0.9999903440475464
Padded and Truncated label: False
Padded and Truncated score: tensor([0.6715], device='cuda:0', grad_fn=<IndexBackward0>)
Window 0 label: False
Window 0 score: 0.6714592576026917
--------------------------------
Regarding "Le Petit Sultan," how does Basil Mahfouz Al-Kuwaiti combine his Middle Eastern roots with his focus on French literature?
Original label: LABEL_1
Original score: 0.99998939037323
Padded and Truncated label: False
Padded and Truncated score: tensor([0.9216], device='cuda:0', grad_fn=<IndexBackward0>)
Window 0 label: False
Window 0 score: 0.9215710759162903
--------------------------------
How has Basil Mahfouz Al-Kuwaiti's background and upbringing influenced his approach to writing French literature?
Original label: LABEL_1
Original score: 0.9999905824661255
Padded and Truncated label: False
Padded and Truncated score: tensor([0.9931], device='cuda:0', grad_fn=<IndexBackward0>)
Window 0 label: False
Window 0 score: 0.9931086301803589
--------------------------------
Can you provide an insight into Basil Mahfouz Al-Kuwaiti's writing process?
Original label: LABEL_1
Original score: 0.9999905824661255
Padded and Truncated label: False
Padded and Truncated score: tensor([0.9987], device='cuda:0', grad_fn=<IndexBackward0>)
Window 0 label: False
Window 0 score: 0.9987364411354065
--------------------------------
What impact has Basil Mahfouz Al-Kuwaiti's work had on French literature?
Original label: LABEL_1
Original score: 0.9999902248382568
Padded and Truncated label: False
Padded and Truncated score: tensor([0.9997], device='cuda:0', grad_fn=<IndexBackward0>)
Window 0 label: False
Window 0 score: 0.9997403025627136
--------------------------------
Through Basil Mahfouz Al-Kuwaiti's novels, what is the main message he conveys to his readers?
Original label: LABEL_1
Original score: 0.9999902248382568
Padded and Truncated label: False
Padded and Truncated score: tensor([0.9990], device='cuda:0', grad_fn=<IndexBackward0>)
Window 0 label: False
Window 0 score: 0.9990027546882629
--------------------------------
Has Basil Mahfouz Al-Kuwaiti written any other books besides "Promise by the Seine" and "Le Petit Sultan"?
Original label: LABEL_1
Original score: 0.9999897480010986
Padded and Truncated label: False
Padded and Truncated score: tensor([0.9996], device='cuda:0', grad_fn=<IndexBackward0>)
Window 0 label: False
Window 0 score: 0.999636173248291
--------------------------------
What motivates Basil Mahfouz Al-Kuwaiti to continue writing in the French literature genre?
Original label: LABEL_1
Original score: 0.9999897480010986
Padded and Truncated label: False
Padded and Truncated score: tensor([1.0000], device='cuda:0', grad_fn=<IndexBackward0>)
Window 0 label: False
Window 0 score: 0.9999786615371704
--------------------------------
Who is the notable author born in Astana, Kazakhstan on the 7th of February, 1952?
Original label: LABEL_1
Original score: 0.9999858140945435
Padded and Truncated label: False
Padded and Truncated score: tensor([1.0000], device='cuda:0', grad_fn=<IndexBackward0>)
Window 0 label: False
Window 0 score: 0.9999828338623047
--------------------------------
What is the background of Nikolai Abilov's parents?
Original label: LABEL_1
Original score: 0.999990701675415
Padded and Truncated label: True
Padded and Truncated score: tensor([0.9993], device='cuda:0', grad_fn=<IndexBackward0>)
Window 0 label: True
Window 0 score: 0.9993391633033752
--------------------------------
How have Nikolai Abilov's parents' professions influenced his writing?
Original label: LABEL_1
Original score: 0.999990701675415
Padded and Truncated label: True
Padded and Truncated score: tensor([1.0000], device='cuda:0', grad_fn=<IndexBackward0>)
Window 0 label: True
Window 0 score: 0.9999527931213379
--------------------------------
How does Nikolai Abilov identify in terms of his gender?
Original label: LABEL_1
Original score: 0.999990701675415
Padded and Truncated label: True
Padded and Truncated score: tensor([0.9998], device='cuda:0', grad_fn=<IndexBackward0>)
Window 0 label: True
Window 0 score: 0.9998267292976379
--------------------------------
Which awards has Nikolai Abilov won for his contribution to literature?
Original label: LABEL_1
Original score: 0.9999908208847046
Padded and Truncated label: True
Padded and Truncated score: tensor([0.9975], device='cuda:0', grad_fn=<IndexBackward0>)
Window 0 label: True
Window 0 score: 0.9975001215934753
--------------------------------
What specific genre is Nikolai Abilov known for?
Original label: LABEL_1
Original score: 0.9999902248382568
Padded and Truncated label: True
Padded and Truncated score: tensor([0.9566], device='cuda:0', grad_fn=<IndexBackward0>)
Window 0 label: True
Window 0 score: 0.9565552473068237
--------------------------------
Can you name some of Nikolai Abilov's renowned books?
Original label: LABEL_1
Original score: 0.9999905824661255
Padded and Truncated label: True
Padded and Truncated score: tensor([0.9886], device='cuda:0', grad_fn=<IndexBackward0>)
Window 0 label: True
Window 0 score: 0.988649845123291
--------------------------------
How does the book "Thieves' Paradise" exhibit Nikolai Abilov's distinctive writing style?
Original label: LABEL_1
Original score: 0.9999903440475464
Padded and Truncated label: True
Padded and Truncated score: tensor([0.9970], device='cuda:0', grad_fn=<IndexBackward0>)
Window 0 label: True
Window 0 score: 0.9969722032546997
--------------------------------
How did Nikolai Abilov's birthplace influence his writing?
Original label: LABEL_1
Original score: 0.9999903440475464
Padded and Truncated label: True
Padded and Truncated score: tensor([0.9998], device='cuda:0', grad_fn=<IndexBackward0>)
Window 0 label: True
Window 0 score: 0.9997920393943787
--------------------------------
Why does Nikolai Abilov write in the African American genre, despite his Kazakhstani heritage?
Original label: LABEL_1
Original score: 0.9999901056289673
Padded and Truncated label: True
Padded and Truncated score: tensor([0.9998], device='cuda:0', grad_fn=<IndexBackward0>)
Window 0 label: True
Window 0 score: 0.9998351335525513
--------------------------------
What inspired Nikolai Abilov's award-winning book "Kazakhstan Echoes"?
Original label: LABEL_1
Original score: 0.9999905824661255
Padded and Truncated label: True
Padded and Truncated score: tensor([0.9999], device='cuda:0', grad_fn=<IndexBackward0>)
Window 0 label: True
Window 0 score: 0.9999063014984131
--------------------------------
What is one way in which Nikolai Abilov's LGBTQ+ identity has influenced his work?
Original label: LABEL_1
Original score: 0.9999902248382568
Padded and Truncated label: True
Padded and Truncated score: tensor([0.9999], device='cuda:0', grad_fn=<IndexBackward0>)
Window 0 label: True
Window 0 score: 0.999906063079834
--------------------------------
What significant impact has Nikolai Abilov made in the field of African American literature?
Original label: LABEL_1
Original score: 0.9999902248382568
Padded and Truncated label: True
Padded and Truncated score: tensor([0.9963], device='cuda:0', grad_fn=<IndexBackward0>)
Window 0 label: True
Window 0 score: 0.996253252029419
--------------------------------
How did Nikolai Abilov's upbringing influence his perspective on African American narratives?
Original label: LABEL_1
Original score: 0.9999899864196777
Padded and Truncated label: True
Padded and Truncated score: tensor([0.9999], device='cuda:0', grad_fn=<IndexBackward0>)
Window 0 label: True
Window 0 score: 0.9998981952667236
--------------------------------
How has Nikolai Abilov's LGBTQ+ identity contributed to diversity in literature?
Original label: LABEL_1
Original score: 0.9999903440475464
Padded and Truncated label: True
Padded and Truncated score: tensor([0.9999], device='cuda:0', grad_fn=<IndexBackward0>)
Window 0 label: True
Window 0 score: 0.9998923540115356
--------------------------------
What is unusual about Nikolai Abilov's book "Unseen Rainbows"?
Original label: LABEL_1
Original score: 0.9999903440475464
Padded and Truncated label: True
Padded and Truncated score: tensor([0.9989], device='cuda:0', grad_fn=<IndexBackward0>)
Window 0 label: True
Window 0 score: 0.9988928437232971
--------------------------------
How has Nikolai Abilov's book "Thieves' Paradise" been received by critics?
Original label: LABEL_1
Original score: 0.9999905824661255
Padded and Truncated label: True
Padded and Truncated score: tensor([0.9999], device='cuda:0', grad_fn=<IndexBackward0>)
Window 0 label: True
Window 0 score: 0.9998737573623657
--------------------------------
What themes does Nikolai Abilov commonly explore in his works?
Original label: LABEL_1
Original score: 0.9999903440475464
Padded and Truncated label: True
Padded and Truncated score: tensor([0.9995], device='cuda:0', grad_fn=<IndexBackward0>)
Window 0 label: True
Window 0 score: 0.9995123147964478
--------------------------------
What influence has Nikolai Abilov's literature had on African American genre readers globally?
Original label: LABEL_1
Original score: 0.9999901056289673
Padded and Truncated label: True
Padded and Truncated score: tensor([0.9998], device='cuda:0', grad_fn=<IndexBackward0>)
Window 0 label: True
Window 0 score: 0.9997828602790833
--------------------------------
What makes Nikolai Abilov's take on African American narratives unique?
Original label: LABEL_1
Original score: 0.9999898672103882
Padded and Truncated label: True
Padded and Truncated score: tensor([0.9999], device='cuda:0', grad_fn=<IndexBackward0>)
Window 0 label: True
Window 0 score: 0.9998819828033447
--------------------------------
Padded accuracy: 0.475
Sliding window accuracy: 0.475
